<?xml version="1.0" encoding="UTF-8"?>
<testsuite xmlns:xsi="http://www.w3.org/2001/XMLSchema-instance" xsi:noNamespaceSchemaLocation="https://maven.apache.org/surefire/maven-surefire-plugin/xsd/surefire-test-report.xsd" name="co.com.sofka.app.calculator.BasicCalculatorTest" time="0.28" tests="17" errors="0" skipped="0" failures="0">
  <properties>
    <property name="sun.desktop" value="gnome"/>
    <property name="awt.toolkit" value="sun.awt.X11.XToolkit"/>
    <property name="java.specification.version" value="11"/>
    <property name="sun.cpu.isalist" value=""/>
    <property name="sun.jnu.encoding" value="UTF-8"/>
    <property name="java.class.path" value="/home/mauricio/Documentos/SofkaU/BuenasPracticasParaElDesarrolloDeSoftware/220301PruebasUnitariasMaven/my-demo/target/test-classes:/home/mauricio/Documentos/SofkaU/BuenasPracticasParaElDesarrolloDeSoftware/220301PruebasUnitariasMaven/my-demo/target/classes:/home/mauricio/.m2/repository/org/junit/jupiter/junit-jupiter/5.5.1/junit-jupiter-5.5.1.jar:/home/mauricio/.m2/repository/org/junit/jupiter/junit-jupiter-api/5.5.1/junit-jupiter-api-5.5.1.jar:/home/mauricio/.m2/repository/org/apiguardian/apiguardian-api/1.1.0/apiguardian-api-1.1.0.jar:/home/mauricio/.m2/repository/org/opentest4j/opentest4j/1.2.0/opentest4j-1.2.0.jar:/home/mauricio/.m2/repository/org/junit/platform/junit-platform-commons/1.5.1/junit-platform-commons-1.5.1.jar:/home/mauricio/.m2/repository/org/junit/jupiter/junit-jupiter-params/5.5.1/junit-jupiter-params-5.5.1.jar:/home/mauricio/.m2/repository/org/junit/jupiter/junit-jupiter-engine/5.5.1/junit-jupiter-engine-5.5.1.jar:/home/mauricio/.m2/repository/org/junit/platform/junit-platform-engine/1.5.1/junit-platform-engine-1.5.1.jar:/home/mauricio/.m2/repository/org/slf4j/slf4j-api/1.7.36/slf4j-api-1.7.36.jar:/home/mauricio/.m2/repository/org/slf4j/slf4j-jdk14/1.7.30/slf4j-jdk14-1.7.30.jar:/home/mauricio/.m2/repository/junit/junit/3.8.2/junit-3.8.2.jar:"/>
    <property name="java.vm.vendor" value="Ubuntu"/>
    <property name="sun.arch.data.model" value="64"/>
    <property name="java.vendor.url" value="https://ubuntu.com/"/>
    <property name="user.timezone" value=""/>
    <property name="java.vm.specification.version" value="11"/>
    <property name="os.name" value="Linux"/>
    <property name="sun.java.launcher" value="SUN_STANDARD"/>
    <property name="user.country" value="CO"/>
    <property name="sun.boot.library.path" value="/usr/lib/jvm/java-11-openjdk-amd64/lib"/>
    <property name="sun.java.command" value="/home/mauricio/Documentos/SofkaU/BuenasPracticasParaElDesarrolloDeSoftware/220301PruebasUnitariasMaven/my-demo/target/surefire/surefirebooter18382274711297438780.jar /home/mauricio/Documentos/SofkaU/BuenasPracticasParaElDesarrolloDeSoftware/220301PruebasUnitariasMaven/my-demo/target/surefire 2022-03-01T21-59-33_020-jvmRun1 surefire12405347644246875110tmp surefire_017572040930354078141tmp"/>
    <property name="jdk.debug" value="release"/>
    <property name="surefire.test.class.path" value="/home/mauricio/Documentos/SofkaU/BuenasPracticasParaElDesarrolloDeSoftware/220301PruebasUnitariasMaven/my-demo/target/test-classes:/home/mauricio/Documentos/SofkaU/BuenasPracticasParaElDesarrolloDeSoftware/220301PruebasUnitariasMaven/my-demo/target/classes:/home/mauricio/.m2/repository/org/junit/jupiter/junit-jupiter/5.5.1/junit-jupiter-5.5.1.jar:/home/mauricio/.m2/repository/org/junit/jupiter/junit-jupiter-api/5.5.1/junit-jupiter-api-5.5.1.jar:/home/mauricio/.m2/repository/org/apiguardian/apiguardian-api/1.1.0/apiguardian-api-1.1.0.jar:/home/mauricio/.m2/repository/org/opentest4j/opentest4j/1.2.0/opentest4j-1.2.0.jar:/home/mauricio/.m2/repository/org/junit/platform/junit-platform-commons/1.5.1/junit-platform-commons-1.5.1.jar:/home/mauricio/.m2/repository/org/junit/jupiter/junit-jupiter-params/5.5.1/junit-jupiter-params-5.5.1.jar:/home/mauricio/.m2/repository/org/junit/jupiter/junit-jupiter-engine/5.5.1/junit-jupiter-engine-5.5.1.jar:/home/mauricio/.m2/repository/org/junit/platform/junit-platform-engine/1.5.1/junit-platform-engine-1.5.1.jar:/home/mauricio/.m2/repository/org/slf4j/slf4j-api/1.7.36/slf4j-api-1.7.36.jar:/home/mauricio/.m2/repository/org/slf4j/slf4j-jdk14/1.7.30/slf4j-jdk14-1.7.30.jar:/home/mauricio/.m2/repository/junit/junit/3.8.2/junit-3.8.2.jar:"/>
    <property name="sun.cpu.endian" value="little"/>
    <property name="user.home" value="/home/mauricio"/>
    <property name="user.language" value="es"/>
    <property name="java.specification.vendor" value="Oracle Corporation"/>
    <property name="java.version.date" value="2021-10-19"/>
    <property name="java.home" value="/usr/lib/jvm/java-11-openjdk-amd64"/>
    <property name="file.separator" value="/"/>
    <property name="basedir" value="/home/mauricio/Documentos/SofkaU/BuenasPracticasParaElDesarrolloDeSoftware/220301PruebasUnitariasMaven/my-demo"/>
    <property name="java.vm.compressedOopsMode" value="32-bit"/>
    <property name="line.separator" value="&#10;"/>
    <property name="java.specification.name" value="Java Platform API Specification"/>
    <property name="java.vm.specification.vendor" value="Oracle Corporation"/>
    <property name="java.awt.graphicsenv" value="sun.awt.X11GraphicsEnvironment"/>
    <property name="surefire.real.class.path" value="/home/mauricio/Documentos/SofkaU/BuenasPracticasParaElDesarrolloDeSoftware/220301PruebasUnitariasMaven/my-demo/target/surefire/surefirebooter18382274711297438780.jar"/>
    <property name="sun.management.compiler" value="HotSpot 64-Bit Tiered Compilers"/>
    <property name="java.runtime.version" value="11.0.13+8-Ubuntu-0ubuntu1.20.04"/>
    <property name="user.name" value="mauricio"/>
    <property name="path.separator" value=":"/>
    <property name="os.version" value="5.13.0-30-generic"/>
    <property name="java.runtime.name" value="OpenJDK Runtime Environment"/>
    <property name="file.encoding" value="UTF-8"/>
    <property name="java.vm.name" value="OpenJDK 64-Bit Server VM"/>
    <property name="localRepository" value="/home/mauricio/.m2/repository"/>
    <property name="java.vendor.url.bug" value="https://bugs.launchpad.net/ubuntu/+source/openjdk-lts"/>
    <property name="java.io.tmpdir" value="/tmp"/>
    <property name="java.version" value="11.0.13"/>
    <property name="user.dir" value="/home/mauricio/Documentos/SofkaU/BuenasPracticasParaElDesarrolloDeSoftware/220301PruebasUnitariasMaven/my-demo"/>
    <property name="os.arch" value="amd64"/>
    <property name="java.vm.specification.name" value="Java Virtual Machine Specification"/>
    <property name="java.awt.printerjob" value="sun.print.PSPrinterJob"/>
    <property name="sun.os.patch.level" value="unknown"/>
    <property name="java.library.path" value="/usr/java/packages/lib:/usr/lib/x86_64-linux-gnu/jni:/lib/x86_64-linux-gnu:/usr/lib/x86_64-linux-gnu:/usr/lib/jni:/lib:/usr/lib"/>
    <property name="java.vm.info" value="mixed mode, sharing"/>
    <property name="java.vendor" value="Ubuntu"/>
    <property name="java.vm.version" value="11.0.13+8-Ubuntu-0ubuntu1.20.04"/>
    <property name="sun.io.unicode.encoding" value="UnicodeLittle"/>
    <property name="java.class.version" value="55.0"/>
  </properties>
  <testcase name="severalSum{Long, Long, Long}[1]" classname="co.com.sofka.app.calculator.BasicCalculatorTest" time="0.107"/>
  <testcase name="severalSum{Long, Long, Long}[2]" classname="co.com.sofka.app.calculator.BasicCalculatorTest" time="0.004"/>
  <testcase name="severalSum{Long, Long, Long}[3]" classname="co.com.sofka.app.calculator.BasicCalculatorTest" time="0.015"/>
  <testcase name="severalSum{Long, Long, Long}[4]" classname="co.com.sofka.app.calculator.BasicCalculatorTest" time="0.001"/>
  <testcase name="severalDivisions{Long, Long, Float}[1]" classname="co.com.sofka.app.calculator.BasicCalculatorTest" time="0.005"/>
  <testcase name="severalDivisions{Long, Long, Float}[2]" classname="co.com.sofka.app.calculator.BasicCalculatorTest" time="0.003"/>
  <testcase name="severalDivisions{Long, Long, Float}[3]" classname="co.com.sofka.app.calculator.BasicCalculatorTest" time="0.003"/>
  <testcase name="severalDivisions{Long, Long, Float}[4]" classname="co.com.sofka.app.calculator.BasicCalculatorTest" time="0.002"/>
  <testcase name="sum" classname="co.com.sofka.app.calculator.BasicCalculatorTest" time="0.004"/>
  <testcase name="severalMultiplications{Long, Long, Long}[1]" classname="co.com.sofka.app.calculator.BasicCalculatorTest" time="0.003"/>
  <testcase name="severalMultiplications{Long, Long, Long}[2]" classname="co.com.sofka.app.calculator.BasicCalculatorTest" time="0.006"/>
  <testcase name="severalMultiplications{Long, Long, Long}[3]" classname="co.com.sofka.app.calculator.BasicCalculatorTest" time="0.002"/>
  <testcase name="severalMultiplications{Long, Long, Long}[4]" classname="co.com.sofka.app.calculator.BasicCalculatorTest" time="0.003"/>
  <testcase name="severalSubtracts{Long, Long, Long}[1]" classname="co.com.sofka.app.calculator.BasicCalculatorTest" time="0.002"/>
  <testcase name="severalSubtracts{Long, Long, Long}[2]" classname="co.com.sofka.app.calculator.BasicCalculatorTest" time="0.005"/>
  <testcase name="severalSubtracts{Long, Long, Long}[3]" classname="co.com.sofka.app.calculator.BasicCalculatorTest" time="0.005"/>
  <testcase name="severalSubtracts{Long, Long, Long}[4]" classname="co.com.sofka.app.calculator.BasicCalculatorTest" time="0.004"/>
</testsuite>